<?xml version="1.0" encoding="UTF-8"?>
<!-- Generated by org.testng.reporters.JUnitReportReporter -->
<testsuite hostname="EkanshuB-DSG" failures="0" tests="2" name="javaSelenium.TestNG1" time="0.008" errors="0" timestamp="2024-02-05T15:04:19 IST" skipped="0">
  <testcase classname="javaSelenium.TestNG1" name="a" time="0.007"/>
  <testcase classname="javaSelenium.TestNG1" name="a2" time="0.001"/>
</testsuite> <!-- javaSelenium.TestNG1 -->
